<?xml version="1.0" encoding="UTF-8"?>
<testng-results skipped="0" failed="1" total="3" passed="2">
  <reporter-output>
  </reporter-output>
  <suite name="Default suite" duration-ms="25823" started-at="2020-04-28T07:24:03Z" finished-at="2020-04-28T07:24:29Z">
    <groups>
    </groups>
    <test name="Default test" duration-ms="25823" started-at="2020-04-28T07:24:03Z" finished-at="2020-04-28T07:24:29Z">
      <class name="com.vTigerCRM.testScripts.CreateCampaignTest">
        <test-method status="PASS" signature="configBT()[pri:0, instance:com.vTigerCRM.testScripts.CreateCampaignTest@3ffc5af1]" name="configBT" is-config="true" duration-ms="265" started-at="2020-04-28T12:54:03Z" finished-at="2020-04-28T12:54:03Z">
          <reporter-output>
          </reporter-output>
        </test-method> <!-- configBT -->
        <test-method status="PASS" signature="configBC()[pri:0, instance:com.vTigerCRM.testScripts.CreateCampaignTest@3ffc5af1]" name="configBC" is-config="true" duration-ms="11043" started-at="2020-04-28T12:54:03Z" finished-at="2020-04-28T12:54:14Z">
          <reporter-output>
          </reporter-output>
        </test-method> <!-- configBC -->
        <test-method status="PASS" signature="configBM()[pri:0, instance:com.vTigerCRM.testScripts.CreateCampaignTest@3ffc5af1]" name="configBM" is-config="true" duration-ms="1894" started-at="2020-04-28T12:54:14Z" finished-at="2020-04-28T12:54:16Z">
          <reporter-output>
          </reporter-output>
        </test-method> <!-- configBM -->
        <test-method status="FAIL" signature="homePageTitleTest()[pri:0, instance:com.vTigerCRM.testScripts.CreateCampaignTest@3ffc5af1]" name="homePageTitleTest" duration-ms="30" started-at="2020-04-28T12:54:16Z" finished-at="2020-04-28T12:54:16Z">
          <exception class="java.lang.AssertionError">
            <message>
              <![CDATA[expected [ Administrator - Home - vtiger CRM 5 - Commercial Open Source CRM] but found [Administrator - Home - vtiger CRM 5 - Commercial Open Source CRM]]]>
            </message>
            <full-stacktrace>
              <![CDATA[java.lang.AssertionError: expected [ Administrator - Home - vtiger CRM 5 - Commercial Open Source CRM] but found [Administrator - Home - vtiger CRM 5 - Commercial Open Source CRM]
	at org.testng.Assert.fail(Assert.java:94)
	at org.testng.Assert.failNotEquals(Assert.java:513)
	at org.testng.Assert.assertEqualsImpl(Assert.java:135)
	at org.testng.Assert.assertEquals(Assert.java:116)
	at org.testng.Assert.assertEquals(Assert.java:190)
	at org.testng.Assert.assertEquals(Assert.java:200)
	at com.vTigerCRM.testScripts.CreateCampaignTest.homePageTitleTest(CreateCampaignTest.java:18)
	at sun.reflect.NativeMethodAccessorImpl.invoke0(Native Method)
	at sun.reflect.NativeMethodAccessorImpl.invoke(Unknown Source)
	at sun.reflect.DelegatingMethodAccessorImpl.invoke(Unknown Source)
	at java.lang.reflect.Method.invoke(Unknown Source)
	at org.testng.internal.MethodInvocationHelper.invokeMethod(MethodInvocationHelper.java:100)
	at org.testng.internal.Invoker.invokeMethod(Invoker.java:646)
	at org.testng.internal.Invoker.invokeTestMethod(Invoker.java:811)
	at org.testng.internal.Invoker.invokeTestMethods(Invoker.java:1129)
	at org.testng.internal.TestMethodWorker.invokeTestMethods(TestMethodWorker.java:129)
	at org.testng.internal.TestMethodWorker.run(TestMethodWorker.java:112)
	at org.testng.TestRunner.privateRun(TestRunner.java:746)
	at org.testng.TestRunner.run(TestRunner.java:600)
	at org.testng.SuiteRunner.runTest(SuiteRunner.java:366)
	at org.testng.SuiteRunner.runSequentially(SuiteRunner.java:361)
	at org.testng.SuiteRunner.privateRun(SuiteRunner.java:319)
	at org.testng.SuiteRunner.run(SuiteRunner.java:268)
	at org.testng.SuiteRunnerWorker.runSuite(SuiteRunnerWorker.java:52)
	at org.testng.SuiteRunnerWorker.run(SuiteRunnerWorker.java:86)
	at org.testng.TestNG.runSuitesSequentially(TestNG.java:1264)
	at org.testng.TestNG.runSuitesLocally(TestNG.java:1189)
	at org.testng.TestNG.runSuites(TestNG.java:1104)
	at org.testng.TestNG.run(TestNG.java:1076)
	at org.testng.remote.AbstractRemoteTestNG.run(AbstractRemoteTestNG.java:126)
	at org.testng.remote.RemoteTestNG.initAndRun(RemoteTestNG.java:152)
	at org.testng.remote.RemoteTestNG.main(RemoteTestNG.java:57)
]]>
            </full-stacktrace>
          </exception> <!-- java.lang.AssertionError -->
          <reporter-output>
          </reporter-output>
        </test-method> <!-- homePageTitleTest -->
        <test-method status="PASS" signature="configAM(org.testng.ITestResult)[pri:0, instance:com.vTigerCRM.testScripts.CreateCampaignTest@3ffc5af1]" name="configAM" is-config="true" duration-ms="3067" started-at="2020-04-28T12:54:16Z" finished-at="2020-04-28T12:54:19Z">
          <params>
            <param index="0">
              <value>
                <![CDATA[[TestResult name=homePageTitleTest status=FAILURE method=CreateCampaignTest.homePageTitleTest()[pri:0, instance:com.vTigerCRM.testScripts.CreateCampaignTest@3ffc5af1] output={null}]]]>
              </value>
            </param>
          </params>
          <reporter-output>
          </reporter-output>
        </test-method> <!-- configAM -->
        <test-method status="PASS" signature="configBM()[pri:0, instance:com.vTigerCRM.testScripts.CreateCampaignTest@3ffc5af1]" name="configBM" is-config="true" duration-ms="1685" started-at="2020-04-28T12:54:19Z" finished-at="2020-04-28T12:54:21Z">
          <reporter-output>
          </reporter-output>
        </test-method> <!-- configBM -->
        <test-method status="PASS" signature="vTigerCRMLoginTest()[pri:0, instance:com.vTigerCRM.testScripts.CreateCampaignTest@3ffc5af1]" name="vTigerCRMLoginTest" duration-ms="2" started-at="2020-04-28T12:54:21Z" finished-at="2020-04-28T12:54:21Z">
          <reporter-output>
          </reporter-output>
        </test-method> <!-- vTigerCRMLoginTest -->
        <test-method status="PASS" signature="configAM(org.testng.ITestResult)[pri:0, instance:com.vTigerCRM.testScripts.CreateCampaignTest@3ffc5af1]" name="configAM" is-config="true" duration-ms="2422" started-at="2020-04-28T12:54:21Z" finished-at="2020-04-28T12:54:23Z">
          <params>
            <param index="0">
              <value>
                <![CDATA[[TestResult name=vTigerCRMLoginTest status=SUCCESS method=CreateCampaignTest.vTigerCRMLoginTest()[pri:0, instance:com.vTigerCRM.testScripts.CreateCampaignTest@3ffc5af1] output={null}]]]>
              </value>
            </param>
          </params>
          <reporter-output>
          </reporter-output>
        </test-method> <!-- configAM -->
        <test-method status="PASS" signature="configBM()[pri:0, instance:com.vTigerCRM.testScripts.CreateCampaignTest@3ffc5af1]" name="configBM" is-config="true" duration-ms="1797" started-at="2020-04-28T12:54:23Z" finished-at="2020-04-28T12:54:25Z">
          <reporter-output>
          </reporter-output>
        </test-method> <!-- configBM -->
        <test-method status="PASS" signature="vTigetCRMLogoTest()[pri:0, instance:com.vTigerCRM.testScripts.CreateCampaignTest@3ffc5af1]" name="vTigetCRMLogoTest" duration-ms="183" started-at="2020-04-28T12:54:25Z" finished-at="2020-04-28T12:54:25Z">
          <reporter-output>
          </reporter-output>
        </test-method> <!-- vTigetCRMLogoTest -->
        <test-method status="PASS" signature="configAM(org.testng.ITestResult)[pri:0, instance:com.vTigerCRM.testScripts.CreateCampaignTest@3ffc5af1]" name="configAM" is-config="true" duration-ms="2436" started-at="2020-04-28T12:54:25Z" finished-at="2020-04-28T12:54:28Z">
          <params>
            <param index="0">
              <value>
                <![CDATA[[TestResult name=vTigetCRMLogoTest status=SUCCESS method=CreateCampaignTest.vTigetCRMLogoTest()[pri:0, instance:com.vTigerCRM.testScripts.CreateCampaignTest@3ffc5af1] output={null}]]]>
              </value>
            </param>
          </params>
          <reporter-output>
          </reporter-output>
        </test-method> <!-- configAM -->
        <test-method status="PASS" signature="configAC()[pri:0, instance:com.vTigerCRM.testScripts.CreateCampaignTest@3ffc5af1]" name="configAC" is-config="true" duration-ms="646" started-at="2020-04-28T12:54:28Z" finished-at="2020-04-28T12:54:28Z">
          <reporter-output>
          </reporter-output>
        </test-method> <!-- configAC -->
        <test-method status="PASS" signature="configAT()[pri:0, instance:com.vTigerCRM.testScripts.CreateCampaignTest@3ffc5af1]" name="configAT" is-config="true" duration-ms="332" started-at="2020-04-28T12:54:28Z" finished-at="2020-04-28T12:54:29Z">
          <reporter-output>
          </reporter-output>
        </test-method> <!-- configAT -->
      </class> <!-- com.vTigerCRM.testScripts.CreateCampaignTest -->
    </test> <!-- Default test -->
  </suite> <!-- Default suite -->
</testng-results>
